-------------------------------------------------------------------------------
>Log Session: Sunday, October 13, 2019 11:36:13 AM MSK
>System Info: 
  Product Version         = histology 201510222201
  Operating System        = Linux version 5.0.0-31-generic running on amd64
  Java; VM; Vendor        = 1.8.0_211; Java HotSpot(TM) 64-Bit Server VM 25.211-b12; Oracle Corporation
  Runtime                 = Java(TM) SE Runtime Environment 1.8.0_211-b12
  Java Home               = /usr/lib/jvm/jdk1.8.0_211/jre
  System Locale; Encoding = en_US (histology); UTF-8
  Home Directory          = /home/gleb
  Current Directory       = /home/gleb/Downloads/CellCreator/JavaFX-develop/Histology/application
  User Directory          = /home/gleb/Downloads/CellCreator/JavaFX-develop/Histology/application/target/userdir
  Cache Directory         = /home/gleb/Downloads/CellCreator/JavaFX-develop/Histology/application/target/userdir/var/cache
  Installation            = /home/gleb/Downloads/CellCreator/JavaFX-develop/Histology/application/target/histology/bin
                            /home/gleb/Downloads/CellCreator/JavaFX-develop/Histology/application/target/histology/java
                            /home/gleb/Downloads/CellCreator/JavaFX-develop/Histology/application/target/histology/etc
                            /home/gleb/Downloads/CellCreator/JavaFX-develop/Histology/application/target/histology/histology
                            /home/gleb/Downloads/CellCreator/JavaFX-develop/Histology/application/target/histology/platform
                            /home/gleb/Downloads/CellCreator/JavaFX-develop/Histology/application/target/histology/extra
                            /home/gleb/Downloads/CellCreator/JavaFX-develop/Histology/application/target/histology/platform
  Boot & Ext. Classpath   = /usr/lib/jvm/jdk1.8.0_211/jre/lib/resources.jar:/usr/lib/jvm/jdk1.8.0_211/jre/lib/rt.jar:/usr/lib/jvm/jdk1.8.0_211/jre/lib/sunrsasign.jar:/usr/lib/jvm/jdk1.8.0_211/jre/lib/jsse.jar:/usr/lib/jvm/jdk1.8.0_211/jre/lib/jce.jar:/usr/lib/jvm/jdk1.8.0_211/jre/lib/charsets.jar:/usr/lib/jvm/jdk1.8.0_211/jre/lib/jfr.jar:/usr/lib/jvm/jdk1.8.0_211/jre/classes:/usr/lib/jvm/jdk1.8.0_211/jre/lib/ext/sunpkcs11.jar:/usr/lib/jvm/jdk1.8.0_211/jre/lib/ext/dnsns.jar:/usr/lib/jvm/jdk1.8.0_211/jre/lib/ext/localedata.jar:/usr/lib/jvm/jdk1.8.0_211/jre/lib/ext/cldrdata.jar:/usr/lib/jvm/jdk1.8.0_211/jre/lib/ext/jaccess.jar:/usr/lib/jvm/jdk1.8.0_211/jre/lib/ext/sunec.jar:/usr/lib/jvm/jdk1.8.0_211/jre/lib/ext/zipfs.jar:/usr/lib/jvm/jdk1.8.0_211/jre/lib/ext/nashorn.jar:/usr/lib/jvm/jdk1.8.0_211/jre/lib/ext/jfxrt.jar:/usr/lib/jvm/jdk1.8.0_211/jre/lib/ext/sunjce_provider.jar
  Application Classpath   = /home/gleb/Downloads/CellCreator/JavaFX-develop/Histology/application/target/histology/platform/lib/boot.jar:/home/gleb/Downloads/CellCreator/JavaFX-develop/Histology/application/target/histology/platform/lib/org-openide-modules.jar:/home/gleb/Downloads/CellCreator/JavaFX-develop/Histology/application/target/histology/platform/lib/org-openide-util.jar:/home/gleb/Downloads/CellCreator/JavaFX-develop/Histology/application/target/histology/platform/lib/org-openide-util-lookup.jar:/home/gleb/Downloads/CellCreator/JavaFX-develop/Histology/application/target/histology/platform/lib/org-openide-util-ui.jar:/home/gleb/Downloads/CellCreator/JavaFX-develop/Histology/application/target/histology/platform/lib/locale/boot_ja.jar:/home/gleb/Downloads/CellCreator/JavaFX-develop/Histology/application/target/histology/platform/lib/locale/boot_pt_BR.jar:/home/gleb/Downloads/CellCreator/JavaFX-develop/Histology/application/target/histology/platform/lib/locale/boot_ru.jar:/home/gleb/Downloads/CellCreator/JavaFX-develop/Histology/application/target/histology/platform/lib/locale/boot_zh_CN.jar:/home/gleb/Downloads/CellCreator/JavaFX-develop/Histology/application/target/histology/platform/lib/locale/org-openide-modules_ja.jar:/home/gleb/Downloads/CellCreator/JavaFX-develop/Histology/application/target/histology/platform/lib/locale/org-openide-modules_pt_BR.jar:/home/gleb/Downloads/CellCreator/JavaFX-develop/Histology/application/target/histology/platform/lib/locale/org-openide-modules_ru.jar:/home/gleb/Downloads/CellCreator/JavaFX-develop/Histology/application/target/histology/platform/lib/locale/org-openide-modules_zh_CN.jar:/home/gleb/Downloads/CellCreator/JavaFX-develop/Histology/application/target/histology/platform/lib/locale/org-openide-util_ja.jar:/home/gleb/Downloads/CellCreator/JavaFX-develop/Histology/application/target/histology/platform/lib/locale/org-openide-util-lookup_ja.jar:/home/gleb/Downloads/CellCreator/JavaFX-develop/Histology/application/target/histology/platform/lib/locale/org-openide-util-lookup_pt_BR.jar:/home/gleb/Downloads/CellCreator/JavaFX-develop/Histology/application/target/histology/platform/lib/locale/org-openide-util-lookup_ru.jar:/home/gleb/Downloads/CellCreator/JavaFX-develop/Histology/application/target/histology/platform/lib/locale/org-openide-util-lookup_zh_CN.jar:/home/gleb/Downloads/CellCreator/JavaFX-develop/Histology/application/target/histology/platform/lib/locale/org-openide-util_pt_BR.jar:/home/gleb/Downloads/CellCreator/JavaFX-develop/Histology/application/target/histology/platform/lib/locale/org-openide-util_ru.jar:/home/gleb/Downloads/CellCreator/JavaFX-develop/Histology/application/target/histology/platform/lib/locale/org-openide-util-ui_ja.jar:/home/gleb/Downloads/CellCreator/JavaFX-develop/Histology/application/target/histology/platform/lib/locale/org-openide-util-ui_pt_BR.jar:/home/gleb/Downloads/CellCreator/JavaFX-develop/Histology/application/target/histology/platform/lib/locale/org-openide-util-ui_ru.jar:/home/gleb/Downloads/CellCreator/JavaFX-develop/Histology/application/target/histology/platform/lib/locale/org-openide-util-ui_zh_CN.jar:/home/gleb/Downloads/CellCreator/JavaFX-develop/Histology/application/target/histology/platform/lib/locale/org-openide-util_zh_CN.jar:/usr/lib/jvm/jdk1.8.0_211/lib/dt.jar:/usr/lib/jvm/jdk1.8.0_211/lib/tools.jar
  Startup Classpath       = /home/gleb/Downloads/CellCreator/JavaFX-develop/Histology/application/target/histology/platform/core/core.jar:/home/gleb/Downloads/CellCreator/JavaFX-develop/Histology/application/target/histology/platform/core/org-openide-filesystems.jar:/home/gleb/Downloads/CellCreator/JavaFX-develop/Histology/application/target/histology/platform/core/core-base.jar:/home/gleb/Downloads/CellCreator/JavaFX-develop/Histology/application/target/histology/platform/core/org-netbeans-libs-asm.jar:/home/gleb/Downloads/CellCreator/JavaFX-develop/Histology/application/target/histology/platform/core/asm-all-5.0.1.jar:/home/gleb/Downloads/CellCreator/JavaFX-develop/Histology/application/target/histology/platform/core/org-openide-filesystems-compat8.jar:/home/gleb/Downloads/CellCreator/JavaFX-develop/Histology/application/target/histology/platform/core/locale/core-base_ja.jar:/home/gleb/Downloads/CellCreator/JavaFX-develop/Histology/application/target/histology/platform/core/locale/org-openide-filesystems-compat8_ru.jar:/home/gleb/Downloads/CellCreator/JavaFX-develop/Histology/application/target/histology/platform/core/locale/org-netbeans-libs-asm_ja.jar:/home/gleb/Downloads/CellCreator/JavaFX-develop/Histology/application/target/histology/platform/core/locale/org-netbeans-libs-asm_pt_BR.jar:/home/gleb/Downloads/CellCreator/JavaFX-develop/Histology/application/target/histology/platform/core/locale/org-netbeans-libs-asm_ru.jar:/home/gleb/Downloads/CellCreator/JavaFX-develop/Histology/application/target/histology/platform/core/locale/org-openide-filesystems-compat8_pt_BR.jar:/home/gleb/Downloads/CellCreator/JavaFX-develop/Histology/application/target/histology/platform/core/locale/org-netbeans-libs-asm_zh_CN.jar:/home/gleb/Downloads/CellCreator/JavaFX-develop/Histology/application/target/histology/platform/core/locale/org-openide-filesystems-compat8_ja.jar:/home/gleb/Downloads/CellCreator/JavaFX-develop/Histology/application/target/histology/platform/core/locale/org-openide-filesystems_pt_BR.jar:/home/gleb/Downloads/CellCreator/JavaFX-develop/Histology/application/target/histology/platform/core/locale/core-base_pt_BR.jar:/home/gleb/Downloads/CellCreator/JavaFX-develop/Histology/application/target/histology/platform/core/locale/core_pt_BR.jar:/home/gleb/Downloads/CellCreator/JavaFX-develop/Histology/application/target/histology/platform/core/locale/org-openide-filesystems_zh_CN.jar:/home/gleb/Downloads/CellCreator/JavaFX-develop/Histology/application/target/histology/platform/core/locale/core_ja.jar:/home/gleb/Downloads/CellCreator/JavaFX-develop/Histology/application/target/histology/platform/core/locale/core_zh_CN.jar:/home/gleb/Downloads/CellCreator/JavaFX-develop/Histology/application/target/histology/platform/core/locale/core-base_ru.jar:/home/gleb/Downloads/CellCreator/JavaFX-develop/Histology/application/target/histology/platform/core/locale/org-openide-filesystems_ja.jar:/home/gleb/Downloads/CellCreator/JavaFX-develop/Histology/application/target/histology/platform/core/locale/core_ru.jar:/home/gleb/Downloads/CellCreator/JavaFX-develop/Histology/application/target/histology/platform/core/locale/core-base_zh_CN.jar:/home/gleb/Downloads/CellCreator/JavaFX-develop/Histology/application/target/histology/platform/core/locale/org-openide-filesystems-compat8_zh_CN.jar:/home/gleb/Downloads/CellCreator/JavaFX-develop/Histology/application/target/histology/platform/core/locale/org-openide-filesystems_ru.jar:/home/gleb/Downloads/CellCreator/JavaFX-develop/Histology/application/target/histology/histology/core/locale/core_histology.jar
-------------------------------------------------------------------------------
WARNING [org.netbeans.modules.autoupdate.ui.actions.AutoupdateSettings]: The property "netbeans.default_userdir_root" was not set!
INFO [org.netbeans.core.startup.NbEvents]: Turning on modules:
	org.openide.util.lookup [8.32.1 201510222201]
	org.openide.util [9.5.1 201510222201]
	org.openide.util.ui [9.4.1 201510222201]
	org.openide.modules [7.47.1 201510222201]
	org.netbeans.api.annotations.common/1 [1.26.1 201510222201]
	org.spbu.histology.fxyz [1.0 1.0-20191011 201910111809]
	org.spbu.histology.model [1.0 1.0-20191011 201910111809]
	org.spbu.histology.util [1.0 1.0-20191011 201910111809]
	org.openide.filesystems [9.8.1 201510222201]
	org.openide.awt [7.65.1 201510222201]
	org.spbu.histology.toolbar [1.0 1.0-20191011 201910111809]
	org.spbu.histology.tetgen [1.0 1.0-20191011 201910111809]
	org.netbeans.api.progress/1 [1.46.1 201510222201]
	org.netbeans.api.progress.nb [1.46.1 201510222201]
	org.openide.dialogs [7.41.1 201510222201]
	org.openide.nodes [7.42.1 201510222201]
	org.openide.windows [6.74.1 201510222201]
	org.spbu.histology.menu [1.0 1.0-20191011 201910111809]
	org.netbeans.swing.tabcontrol [1.54.1 201510222201]
	org.netbeans.swing.outline [1.32.1 201510222201]
	org.openide.explorer [6.61.1 201510222201]
	org.netbeans.modules.editor.mimelookup/1 [1.39.1 201510222201]
	org.openide.text [6.66.1 201510222201]
	org.openide.actions [6.38.1 201510222201]
	org.netbeans.libs.asm [5.2.1 201510222201]
	org.netbeans.bootstrap/1 [2.74.1 201510222201]
	org.netbeans.core.startup.base [1.61.1.1 1 201510222201]
	org.netbeans.core.startup/1 [1.61.1.1 201510222201]
	org.openide.filesystems.nb [9.7.1 201510222201]
	org.netbeans.modules.queries/1 [1.42.1 201510222201]
	org.netbeans.api.templates [1.6.1 201510222201]
	org.openide.loaders [7.63.1 201510222201]
	org.netbeans.modules.settings/1 [1.48.1 201510222201]
	org.netbeans.swing.plaf [1.40.1 201510222201]
	org.netbeans.modules.keyring [1.23.1 201510222201]
	org.netbeans.api.intent [1.1.1 201510222201]
	org.netbeans.api.io [1.2.1 201510222201]
	org.openide.io [1.48.1 201510222201]
	org.netbeans.modules.sampler [1.13.1 201510222201]
	org.netbeans.core/2 [3.49.1 201510222201]
	org.netbeans.spi.quicksearch [1.26.1 201510222201]
	org.netbeans.modules.options.api/1 [1.44.1 201510222201]
	org.netbeans.core.windows/2 [2.80.1 201510222201]
	org.spbu.histology.cross.section.viewer [1.0 1.0-20191011 201910111809]
	org.spbu.histology.space.viewer [1.0 1.0-20191011 201910111809]
	org.spbu.histology.shape.information [1.0 1.0-20191011 201910111809]
	org.spbu.histology.space.editor [1.0 1.0-20191011 201910111809]
	org.spbu.histology.one.space.viewer [1.0 1.0-20191011 201910111809]
	org.spbu.histology.histology.branding [1.0 1.0-20191011 201910111809]
	org.spbu.histology.histion.manager.impl [1.0 1.0-20191011 201910111809]
	org.openide.filesystems.compat8 [9.7.1 201510222201]
	org.netbeans.modules.templates/1 [1.6.1 201510222201]
	org.netbeans.modules.sendopts/2 [2.34.1 201510222201]
	org.netbeans.modules.progress.ui [1.32.1 201510222201]
	org.netbeans.modules.print [7.25.1 201510222201]
	org.netbeans.modules.options.keymap [1.36.1 201510222201]
	org.netbeans.modules.masterfs/2 [2.54.1.2 2 201510222201]
	org.netbeans.modules.masterfs.ui [2.2.1.2 201510222201]
	org.netbeans.modules.masterfs.nio2 [1.14.1 201510222201]
	org.netbeans.libs.jna/1 [1.41.1 201510222201]
	org.netbeans.modules.masterfs.linux [1.12.1 201510222201]
	org.netbeans.modules.keyring.fallback [1.7.1 201510222201]
	org.netbeans.modules.keyring.impl [1.23.1 201510222201]
	org.netbeans.modules.favorites/1 [1.45.1 201510222201]
	org.netbeans.modules.editor.mimelookup.impl/1 [1.31.1 201510222201]
	org.netbeans.modules.autoupdate.services [1.51.1 201510222201]
	org.netbeans.modules.autoupdate.cli [1.12.1 201510222201]
	org.netbeans.core.ui/1 [1.44.1 201510222201]
	org.netbeans.libs.osgi [1.20.1 201510222201]
	org.netbeans.libs.felix [2.14.1 201510222201]
	org.netbeans.modules.autoupdate.ui [1.44.1 201510222201]
	org.netbeans.modules.core.kit [1.29.1 201510222201]
	org.netbeans.libs.jna.platform/1 [1.10.1 201510222201]
	org.netbeans.core.output2/1 [1.40.1 201510222201]
	org.netbeans.core.network [1.9.1 201510222201]
	org.netbeans.core.netigso [1.30.1 201510222201]
	org.netbeans.core.nativeaccess/1 [1.30.1 201510222201]
	org.netbeans.core.multitabs/1 [1.11.1.1 1 201510222201]
	org.netbeans.core.io.ui/1 [1.29.1 201510222201]
INFO [org.netbeans.core.network.proxy.NetworkProxyReloader]: System network proxy resolver: Gnome
INFO [org.netbeans.core.network.proxy.gnome.GsettingsNetworkProxy]: GSettings system proxy resolver: direct connection
INFO [org.netbeans.core.network.proxy.NetworkProxyReloader]: System network proxy reloading succeeded.
INFO [org.netbeans.core.network.proxy.NetworkProxyReloader]: System network proxy - mode: direct
INFO [org.netbeans.core.network.proxy.NetworkProxyReloader]: System network proxy: fell to default (correct if direct mode went before)
WARNING [org.openide.filesystems.Ordering]: Not all children in Menu/ marked with the position attribute: [3D MODELS], but some are: [File, Edit, View, GoTo, Tools, Window, Help]
WARNING [org.openide.filesystems.Ordering]: Found same position 400 for both Toolbars/File/org-openide-actions-SaveAllAction.shadow and Toolbars/File/org-spbu-histology-toolbar-SpreadHistion.shadow
INFO [org.netbeans.ui.metrics.laf]: USG_LOOK_AND_FEEL
Diagnostic information
Input arguments:
	-Djdk.home=/usr/lib/jvm/jdk1.8.0_211
	-Dnetbeans.running.environment=gnome
	-Dnetbeans.dirs=/home/gleb/Downloads/CellCreator/JavaFX-develop/Histology/application/target/histology/bin:/home/gleb/Downloads/CellCreator/JavaFX-develop/Histology/application/target/histology/java:/home/gleb/Downloads/CellCreator/JavaFX-develop/Histology/application/target/histology/etc:/home/gleb/Downloads/CellCreator/JavaFX-develop/Histology/application/target/histology/histology:/home/gleb/Downloads/CellCreator/JavaFX-develop/Histology/application/target/histology/platform:/home/gleb/Downloads/CellCreator/JavaFX-develop/Histology/application/target/histology/extra:
	-Dnetbeans.home=/home/gleb/Downloads/CellCreator/JavaFX-develop/Histology/application/target/histology/platform
	-Xms256m
	-Xmx1024m
	-Dnetbeans.logger.console=true
	-ea
	-XX:+HeapDumpOnOutOfMemoryError
	-XX:HeapDumpPath=/home/gleb/Downloads/CellCreator/JavaFX-develop/Histology/application/target/userdir/var/log/heapdump.hprof
Compiler: HotSpot 64-Bit Tiered Compilers
Heap memory usage: initial 256.0MB maximum 910.5MB
Non heap memory usage: initial 2.4MB maximum -1b
Garbage collector: PS Scavenge (Collections=3 Total time spent=0s)
Garbage collector: PS MarkSweep (Collections=2 Total time spent=0s)
Classes: loaded=7129 total loaded=7130 unloaded 1
INFO [org.netbeans.core.ui.warmup.DiagnosticTask]: Total memory 11,475,079,168
INFO [null]: Total physical memory 11,475,079,168
WARNING [org.openide.filesystems.Ordering]: Not all children in Menu/Window/ marked with the position attribute: [org-spbu-histology-cross-section-viewer-CrossSectionViewerTopComponent.shadow, org-spbu-histology-one-space-viewer-OneSpaceViewerTopComponent.shadow, org-spbu-histology-space-editor-SpaceEditorTopComponent.shadow, org-spbu-histology-space-viewer-SpaceViewerTopComponent.shadow], but some are: [org-netbeans-modules-favorites-View.shadow, org-netbeans-core-io-ui-IOWindowAction.shadow, SwitchToRecentDocumentAction.shadow, Web, Tools, Separator3.instance, ConfigureWindow, org-netbeans-core-windows-actions-ResetWindowsAction.shadow, Separator4.instance, CloseWindowAction.shadow, CloseAllDocumentsAction.shadow, CloseAllButThisAction.shadow, GroupsMenuAction.shadow, DocumentsAction.shadow]
SEVERE [global]
java.lang.IllegalArgumentException: Folder parameter must be a valid folder
	at com.sun.glass.ui.CommonDialogs.convertFolder(CommonDialogs.java:238)
	at com.sun.glass.ui.CommonDialogs.showFileChooser(CommonDialogs.java:190)
	at com.sun.javafx.tk.quantum.QuantumToolkit.showFileChooser(QuantumToolkit.java:1503)
	at javafx.stage.FileChooser.showDialog(FileChooser.java:416)
	at javafx.stage.FileChooser.showOpenDialog(FileChooser.java:350)
	at org.spbu.histology.space.editor.LoadHistionBox.lambda$display$1(LoadHistionBox.java:85)
	at com.sun.javafx.event.CompositeEventHandler.dispatchBubblingEvent(CompositeEventHandler.java:86)
	at com.sun.javafx.event.EventHandlerManager.dispatchBubblingEvent(EventHandlerManager.java:238)
	at com.sun.javafx.event.EventHandlerManager.dispatchBubblingEvent(EventHandlerManager.java:191)
	at com.sun.javafx.event.CompositeEventDispatcher.dispatchBubblingEvent(CompositeEventDispatcher.java:59)
	at com.sun.javafx.event.BasicEventDispatcher.dispatchEvent(BasicEventDispatcher.java:58)
	at com.sun.javafx.event.EventDispatchChainImpl.dispatchEvent(EventDispatchChainImpl.java:114)
	at com.sun.javafx.event.BasicEventDispatcher.dispatchEvent(BasicEventDispatcher.java:56)
	at com.sun.javafx.event.EventDispatchChainImpl.dispatchEvent(EventDispatchChainImpl.java:114)
	at com.sun.javafx.event.BasicEventDispatcher.dispatchEvent(BasicEventDispatcher.java:56)
	at com.sun.javafx.event.EventDispatchChainImpl.dispatchEvent(EventDispatchChainImpl.java:114)
	at com.sun.javafx.event.EventUtil.fireEventImpl(EventUtil.java:74)
	at com.sun.javafx.event.EventUtil.fireEvent(EventUtil.java:49)
	at javafx.event.Event.fireEvent(Event.java:198)
	at javafx.scene.Node.fireEvent(Node.java:8411)
	at javafx.scene.control.Button.fire(Button.java:185)
	at com.sun.javafx.scene.control.behavior.ButtonBehavior.mouseReleased(ButtonBehavior.java:182)
	at com.sun.javafx.scene.control.skin.BehaviorSkinBase$1.handle(BehaviorSkinBase.java:96)
	at com.sun.javafx.scene.control.skin.BehaviorSkinBase$1.handle(BehaviorSkinBase.java:89)
	at com.sun.javafx.event.CompositeEventHandler$NormalEventHandlerRecord.handleBubblingEvent(CompositeEventHandler.java:218)
	at com.sun.javafx.event.CompositeEventHandler.dispatchBubblingEvent(CompositeEventHandler.java:80)
	at com.sun.javafx.event.EventHandlerManager.dispatchBubblingEvent(EventHandlerManager.java:238)
	at com.sun.javafx.event.EventHandlerManager.dispatchBubblingEvent(EventHandlerManager.java:191)
	at com.sun.javafx.event.CompositeEventDispatcher.dispatchBubblingEvent(CompositeEventDispatcher.java:59)
	at com.sun.javafx.event.BasicEventDispatcher.dispatchEvent(BasicEventDispatcher.java:58)
	at com.sun.javafx.event.EventDispatchChainImpl.dispatchEvent(EventDispatchChainImpl.java:114)
	at com.sun.javafx.event.BasicEventDispatcher.dispatchEvent(BasicEventDispatcher.java:56)
	at com.sun.javafx.event.EventDispatchChainImpl.dispatchEvent(EventDispatchChainImpl.java:114)
	at com.sun.javafx.event.BasicEventDispatcher.dispatchEvent(BasicEventDispatcher.java:56)
	at com.sun.javafx.event.EventDispatchChainImpl.dispatchEvent(EventDispatchChainImpl.java:114)
	at com.sun.javafx.event.EventUtil.fireEventImpl(EventUtil.java:74)
	at com.sun.javafx.event.EventUtil.fireEvent(EventUtil.java:49)
	at javafx.event.Event.fireEvent(Event.java:198)
	at javafx.scene.Scene$MouseHandler.process(Scene.java:3757)
	at javafx.scene.Scene$MouseHandler.access$1500(Scene.java:3485)
	at javafx.scene.Scene.impl_processMouseEvent(Scene.java:1762)
	at javafx.scene.Scene$ScenePeerListener.mouseEvent(Scene.java:2494)
	at com.sun.javafx.tk.quantum.GlassViewEventHandler$MouseEventNotification.run(GlassViewEventHandler.java:394)
	at com.sun.javafx.tk.quantum.GlassViewEventHandler$MouseEventNotification.run(GlassViewEventHandler.java:295)
	at java.security.AccessController.doPrivileged(Native Method)
	at com.sun.javafx.tk.quantum.GlassViewEventHandler.lambda$handleMouseEvent$350(GlassViewEventHandler.java:432)
	at com.sun.javafx.tk.quantum.QuantumToolkit.runWithoutRenderLock(QuantumToolkit.java:389)
	at com.sun.javafx.tk.quantum.GlassViewEventHandler.handleMouseEvent(GlassViewEventHandler.java:431)
	at com.sun.glass.ui.View.handleMouseEvent(View.java:555)
[catch] at com.sun.glass.ui.View.notifyMouse(View.java:937)
	at com.sun.glass.ui.gtk.GtkApplication.enterNestedEventLoopImpl(Native Method)
	at com.sun.glass.ui.gtk.GtkApplication._enterNestedEventLoop(GtkApplication.java:315)
	at com.sun.glass.ui.Application.enterNestedEventLoop(Application.java:511)
	at com.sun.glass.ui.EventLoop.enter(EventLoop.java:107)
	at com.sun.javafx.tk.quantum.QuantumToolkit.enterNestedEventLoop(QuantumToolkit.java:590)
	at javafx.stage.Stage.showAndWait(Stage.java:474)
	at org.spbu.histology.space.editor.LoadHistionBox.display(LoadHistionBox.java:250)
	at org.spbu.histology.space.editor.HomeController$HistionTreeItem.lambda$getMenu$4(HomeController.java:609)
	at com.sun.javafx.event.CompositeEventHandler.dispatchBubblingEvent(CompositeEventHandler.java:86)
	at com.sun.javafx.event.EventHandlerManager.dispatchBubblingEvent(EventHandlerManager.java:238)
	at com.sun.javafx.event.EventHandlerManager.dispatchBubblingEvent(EventHandlerManager.java:191)
	at com.sun.javafx.event.BasicEventDispatcher.dispatchEvent(BasicEventDispatcher.java:58)
	at com.sun.javafx.event.EventDispatchChainImpl.dispatchEvent(EventDispatchChainImpl.java:114)
	at com.sun.javafx.event.EventUtil.fireEventImpl(EventUtil.java:74)
	at com.sun.javafx.event.EventUtil.fireEvent(EventUtil.java:49)
	at javafx.event.Event.fireEvent(Event.java:198)
	at javafx.scene.control.MenuItem.fire(MenuItem.java:462)
	at com.sun.javafx.scene.control.skin.ContextMenuContent$MenuItemContainer.doSelect(ContextMenuContent.java:1405)
	at com.sun.javafx.scene.control.skin.ContextMenuContent$MenuItemContainer.lambda$createChildren$599(ContextMenuContent.java:1358)
	at com.sun.javafx.event.CompositeEventHandler$NormalEventHandlerRecord.handleBubblingEvent(CompositeEventHandler.java:218)
	at com.sun.javafx.event.CompositeEventHandler.dispatchBubblingEvent(CompositeEventHandler.java:80)
	at com.sun.javafx.event.EventHandlerManager.dispatchBubblingEvent(EventHandlerManager.java:238)
	at com.sun.javafx.event.EventHandlerManager.dispatchBubblingEvent(EventHandlerManager.java:191)
	at com.sun.javafx.event.CompositeEventDispatcher.dispatchBubblingEvent(CompositeEventDispatcher.java:59)
	at com.sun.javafx.event.BasicEventDispatcher.dispatchEvent(BasicEventDispatcher.java:58)
	at com.sun.javafx.event.EventDispatchChainImpl.dispatchEvent(EventDispatchChainImpl.java:114)
	at com.sun.javafx.event.BasicEventDispatcher.dispatchEvent(BasicEventDispatcher.java:56)
	at com.sun.javafx.event.EventDispatchChainImpl.dispatchEvent(EventDispatchChainImpl.java:114)
	at com.sun.javafx.event.BasicEventDispatcher.dispatchEvent(BasicEventDispatcher.java:56)
	at com.sun.javafx.event.EventDispatchChainImpl.dispatchEvent(EventDispatchChainImpl.java:114)
	at com.sun.javafx.event.BasicEventDispatcher.dispatchEvent(BasicEventDispatcher.java:56)
	at com.sun.javafx.event.EventDispatchChainImpl.dispatchEvent(EventDispatchChainImpl.java:114)
	at com.sun.javafx.event.EventUtil.fireEventImpl(EventUtil.java:74)
	at com.sun.javafx.event.EventUtil.fireEvent(EventUtil.java:54)
	at javafx.event.Event.fireEvent(Event.java:198)
	at javafx.scene.Scene$MouseHandler.process(Scene.java:3757)
	at javafx.scene.Scene$MouseHandler.access$1500(Scene.java:3485)
	at javafx.scene.Scene.impl_processMouseEvent(Scene.java:1762)
	at javafx.scene.Scene$ScenePeerListener.mouseEvent(Scene.java:2494)
	at com.sun.javafx.tk.quantum.GlassViewEventHandler$MouseEventNotification.run(GlassViewEventHandler.java:394)
	at com.sun.javafx.tk.quantum.GlassViewEventHandler$MouseEventNotification.run(GlassViewEventHandler.java:295)
	at java.security.AccessController.doPrivileged(Native Method)
	at com.sun.javafx.tk.quantum.GlassViewEventHandler.lambda$handleMouseEvent$350(GlassViewEventHandler.java:432)
	at com.sun.javafx.tk.quantum.QuantumToolkit.runWithoutRenderLock(QuantumToolkit.java:389)
	at com.sun.javafx.tk.quantum.GlassViewEventHandler.handleMouseEvent(GlassViewEventHandler.java:431)
	at com.sun.glass.ui.View.handleMouseEvent(View.java:555)
	at com.sun.glass.ui.View.notifyMouse(View.java:937)
	at com.sun.glass.ui.gtk.GtkApplication.enterNestedEventLoopImpl(Native Method)
	at com.sun.glass.ui.gtk.GtkApplication._enterNestedEventLoop(GtkApplication.java:315)
	at com.sun.glass.ui.Application.enterNestedEventLoop(Application.java:511)
	at com.sun.glass.ui.EventLoop.enter(EventLoop.java:107)
	at com.sun.javafx.tk.quantum.QuantumToolkit.enterNestedEventLoop(QuantumToolkit.java:590)
	at javafx.stage.Stage.showAndWait(Stage.java:474)
	at org.spbu.histology.space.editor.HistionRecurrence.display(HistionRecurrence.java:206)
	at org.spbu.histology.space.editor.spreadIcon.SpreadHistionMethod.view(SpreadHistionMethod.java:145)
	at org.spbu.histology.space.editor.spreadIcon.SpreadHistion.lambda$actionPerformed$0(SpreadHistion.java:31)
	at com.sun.javafx.application.PlatformImpl.lambda$null$402(PlatformImpl.java:295)
	at java.security.AccessController.doPrivileged(Native Method)
	at com.sun.javafx.application.PlatformImpl.lambda$runLater$403(PlatformImpl.java:294)
	at com.sun.glass.ui.InvokeLaterDispatcher$Future.run(InvokeLaterDispatcher.java:95)
	at com.sun.glass.ui.gtk.GtkApplication.enterNestedEventLoopImpl(Native Method)
	at com.sun.glass.ui.gtk.GtkApplication._enterNestedEventLoop(GtkApplication.java:315)
	at com.sun.glass.ui.Application.enterNestedEventLoop(Application.java:511)
	at com.sun.glass.ui.EventLoop.enter(EventLoop.java:107)
	at com.sun.javafx.tk.quantum.QuantumToolkit.enterNestedEventLoop(QuantumToolkit.java:590)
	at javafx.stage.Stage.showAndWait(Stage.java:474)
	at org.spbu.histology.space.editor.HistionRecurrence.display(HistionRecurrence.java:206)
	at org.spbu.histology.space.editor.spreadIcon.SpreadHistionMethod.view(SpreadHistionMethod.java:145)
	at org.spbu.histology.space.editor.spreadIcon.SpreadHistion.lambda$actionPerformed$0(SpreadHistion.java:31)
	at com.sun.javafx.application.PlatformImpl.lambda$null$402(PlatformImpl.java:295)
	at java.security.AccessController.doPrivileged(Native Method)
	at com.sun.javafx.application.PlatformImpl.lambda$runLater$403(PlatformImpl.java:294)
	at com.sun.glass.ui.InvokeLaterDispatcher$Future.run(InvokeLaterDispatcher.java:95)
	at com.sun.glass.ui.gtk.GtkApplication.enterNestedEventLoopImpl(Native Method)
	at com.sun.glass.ui.gtk.GtkApplication._enterNestedEventLoop(GtkApplication.java:315)
	at com.sun.glass.ui.Application.enterNestedEventLoop(Application.java:511)
	at com.sun.glass.ui.EventLoop.enter(EventLoop.java:107)
	at com.sun.javafx.tk.quantum.QuantumToolkit.enterNestedEventLoop(QuantumToolkit.java:590)
	at javafx.stage.Stage.showAndWait(Stage.java:474)
	at org.spbu.histology.space.editor.HistionRecurrence.display(HistionRecurrence.java:206)
	at org.spbu.histology.space.editor.spreadIcon.SpreadHistionMethod.view(SpreadHistionMethod.java:145)
	at org.spbu.histology.space.editor.spreadIcon.SpreadHistion.lambda$actionPerformed$0(SpreadHistion.java:31)
	at com.sun.javafx.application.PlatformImpl.lambda$null$402(PlatformImpl.java:295)
	at java.security.AccessController.doPrivileged(Native Method)
	at com.sun.javafx.application.PlatformImpl.lambda$runLater$403(PlatformImpl.java:294)
	at com.sun.glass.ui.InvokeLaterDispatcher$Future.run(InvokeLaterDispatcher.java:95)
	at com.sun.glass.ui.gtk.GtkApplication._runLoop(Native Method)
	at com.sun.glass.ui.gtk.GtkApplication.lambda$null$208(GtkApplication.java:245)
	at java.lang.Thread.run(Thread.java:748)
